<?xml version="1.0" encoding="UTF-8"?>
<!-- Generated by org.testng.reporters.JUnitXMLReporter -->
<testsuite ignored="0" hostname="LAPTOP-5PS7DEO7" failures="0" tests="13" name="Default test" time="27.609" errors="0" timestamp="2024-07-03T21:04:37 IST">
  <testcase classname="TrackingApp.TestClass" name="TC_CVT_1_1_1" time="0.104"/>
  <testcase classname="TrackingApp.TestClass" name="TC_CVT_1_1_2_4" time="1.139"/>
  <testcase classname="TrackingApp.TestClass" name="TC_CVT_1_1_3" time="0.788"/>
  <testcase classname="TrackingApp.TestClass" name="TC_CVT_1_1_5" time="0.652"/>
  <testcase classname="TrackingApp.TestClass" name="TC_CVT_1_1_6" time="0.651"/>
  <testcase classname="TrackingApp.TestClass" name="TC_CVT_1_21_4" time="1.757"/>
  <testcase classname="TrackingApp.TestClass" name="TC_CVT_1_2_1" time="1.094"/>
  <testcase classname="TrackingApp.TestClass" name="TC_CVT_1_2_10" time="10.938"/>
  <testcase classname="TrackingApp.TestClass" name="TC_CVT_1_2_11" time="1.438"/>
  <testcase classname="TrackingApp.TestClass" name="TC_CVT_1_2_2" time="3.73"/>
  <testcase classname="TrackingApp.TestClass" name="TC_CVT_1_2_3_5" time="1.334"/>
  <testcase classname="TrackingApp.TestClass" name="TC_CVT_1_2_6_7_8" time="2.379"/>
  <testcase classname="TrackingApp.TestClass" name="TC_CVT_1_2_9" time="1.49"/>
</testsuite> <!-- Default test -->
