<?xml version="1.0" encoding="UTF-8"?>
<testng-results ignored="2" total="11" passed="9" failed="0" skipped="0">
  <reporter-output>
  </reporter-output>
  <suite started-at="2024-07-01T18:41:11 IST" name="Suite" finished-at="2024-07-01T18:41:39 IST" duration-ms="27757">
    <groups>
    </groups>
    <test started-at="2024-07-01T18:41:11 IST" name="Test" finished-at="2024-07-01T18:41:39 IST" duration-ms="27757">
      <class name="TrackingApp.MilestoneTC">
        <test-method is-config="true" signature="classSetup()[pri:0, instance:TrackingApp.MilestoneTC@595b007d]" started-at="2024-07-01T18:41:36 IST" name="classSetup" finished-at="2024-07-01T18:41:36 IST" duration-ms="14" status="PASS">
          <reporter-output>
          </reporter-output>
        </test-method> <!-- classSetup -->
        <test-method signature="milestoneFeature()[pri:1, instance:TrackingApp.MilestoneTC@595b007d]" started-at="2024-07-01T18:41:36 IST" name="milestoneFeature" finished-at="2024-07-01T18:41:38 IST" duration-ms="1859" status="PASS">
          <reporter-output>
          </reporter-output>
        </test-method> <!-- milestoneFeature -->
        <test-method signature="downloadCSV()[pri:2, instance:TrackingApp.MilestoneTC@595b007d]" started-at="2024-07-01T18:41:38 IST" name="downloadCSV" finished-at="2024-07-01T18:41:39 IST" duration-ms="553" status="PASS">
          <reporter-output>
          </reporter-output>
        </test-method> <!-- downloadCSV -->
      </class> <!-- TrackingApp.MilestoneTC -->
      <class name="TrackingApp.AddVisitTC">
        <test-method is-config="true" signature="launch()[pri:0, instance:TrackingApp.AddVisitTC@515aebb0]" started-at="2024-07-01T18:41:03 IST" name="launch" finished-at="2024-07-01T18:41:11 IST" duration-ms="7722" status="PASS">
          <reporter-output>
          </reporter-output>
        </test-method> <!-- launch -->
        <test-method is-config="true" signature="classSetup()[pri:0, instance:TrackingApp.AddVisitTC@515aebb0]" started-at="2024-07-01T18:41:11 IST" name="classSetup" finished-at="2024-07-01T18:41:11 IST" duration-ms="60" status="PASS">
          <reporter-output>
          </reporter-output>
        </test-method> <!-- classSetup -->
        <test-method signature="validMngrLogin()[pri:1, instance:TrackingApp.AddVisitTC@515aebb0]" started-at="2024-07-01T18:41:11 IST" name="validMngrLogin" finished-at="2024-07-01T18:41:12 IST" duration-ms="1295" status="PASS">
          <reporter-output>
          </reporter-output>
        </test-method> <!-- validMngrLogin -->
        <test-method signature="addVisit()[pri:2, instance:TrackingApp.AddVisitTC@515aebb0]" started-at="2024-07-01T18:41:12 IST" name="addVisit" finished-at="2024-07-01T18:41:17 IST" duration-ms="4636" status="PASS">
          <reporter-output>
          </reporter-output>
        </test-method> <!-- addVisit -->
        <test-method signature="duplicateAddVisit()[pri:3, instance:TrackingApp.AddVisitTC@515aebb0]" started-at="2024-07-01T18:41:17 IST" name="duplicateAddVisit" finished-at="2024-07-01T18:41:22 IST" duration-ms="5264" status="PASS">
          <reporter-output>
          </reporter-output>
        </test-method> <!-- duplicateAddVisit -->
        <test-method signature="invalidDataAddVisit()[pri:4, instance:TrackingApp.AddVisitTC@515aebb0]" started-at="2024-07-01T18:41:22 IST" name="invalidDataAddVisit" finished-at="2024-07-01T18:41:26 IST" duration-ms="3310" status="PASS">
          <reporter-output>
          </reporter-output>
        </test-method> <!-- invalidDataAddVisit -->
        <test-method signature="emptyFldAddVisit()[pri:5, instance:TrackingApp.AddVisitTC@515aebb0]" started-at="2024-07-01T18:41:26 IST" name="emptyFldAddVisit" finished-at="2024-07-01T18:41:28 IST" duration-ms="2602" status="PASS">
          <reporter-output>
          </reporter-output>
        </test-method> <!-- emptyFldAddVisit -->
        <test-method signature="addContactPerson()[pri:6, instance:TrackingApp.AddVisitTC@515aebb0]" started-at="2024-07-01T18:41:28 IST" name="addContactPerson" finished-at="2024-07-01T18:41:34 IST" duration-ms="5478" status="PASS">
          <reporter-output>
          </reporter-output>
        </test-method> <!-- addContactPerson -->
        <test-method signature="visitLogsEexport()[pri:7, instance:TrackingApp.AddVisitTC@515aebb0]" started-at="2024-07-01T18:41:34 IST" name="visitLogsEexport" finished-at="2024-07-01T18:41:36 IST" duration-ms="2606" status="PASS">
          <reporter-output>
          </reporter-output>
        </test-method> <!-- visitLogsEexport -->
        <test-method is-config="true" signature="new_setup()[pri:0, instance:TrackingApp.AddVisitTC@515aebb0]" started-at="2024-07-01T18:41:39 IST" name="new_setup" finished-at="2024-07-01T18:41:41 IST" duration-ms="1879" status="PASS">
          <reporter-output>
          </reporter-output>
        </test-method> <!-- new_setup -->
      </class> <!-- TrackingApp.AddVisitTC -->
    </test> <!-- Test -->
  </suite> <!-- Suite -->
</testng-results>
